# JRE version: Java(TM) SE Runtime Environment (8.0_171-b11) (build 1.8.0_171-b11)
# Java VM: Java HotSpot(TM) 64-Bit Server VM (25.171-b11 mixed mode linux-amd64 compressed oops)
Heap:
 PSYoungGen      total 250880K, used 7846K [0x00000000d8400000, 0x00000000e8b80000, 0x0000000100000000)
  eden space 235008K, 0% used [0x00000000d8400000,0x00000000d8400000,0x00000000e6980000)
  from space 15872K, 49% used [0x00000000e6c80000,0x00000000e7429830,0x00000000e7c00000)
  to   space 11776K, 0% used [0x00000000e8000000,0x00000000e8000000,0x00000000e8b80000)
 ParOldGen       total 78336K, used 26195K [0x0000000088c00000, 0x000000008d880000, 0x00000000d8400000)
  object space 78336K, 33% used [0x0000000088c00000,0x000000008a594e48,0x000000008d880000)
 Metaspace       used 43274K, capacity 45172K, committed 45400K, reserved 1089536K
  class space    used 5625K, capacity 5985K, committed 6016K, reserved 1048576K
GC Heap History (10 events):
Event: 8.503 GC heap after
Heap after GC invocations=8 (full 1):
 PSYoungGen      total 130560K, used 9721K [0x00000000d8400000, 0x00000000e4780000, 0x0000000100000000)
  eden space 120832K, 0% used [0x00000000d8400000,0x00000000d8400000,0x00000000dfa00000)
  from space 9728K, 99% used [0x00000000dfa00000,0x00000000e037e610,0x00000000e0380000)
  to   space 13312K, 0% used [0x00000000e3a80000,0x00000000e3a80000,0x00000000e4780000)
 ParOldGen       total 50176K, used 12085K [0x0000000088c00000, 0x000000008bd00000, 0x00000000d8400000)
  object space 50176K, 24% used [0x0000000088c00000,0x00000000897cd4f0,0x000000008bd00000)
 Metaspace       used 29602K, capacity 30510K, committed 30720K, reserved 1075200K
  class space    used 3837K, capacity 4048K, committed 4096K, reserved 1048576K
}
Event: 9.886 GC heap before
{Heap before GC invocations=9 (full 1):
 PSYoungGen      total 130560K, used 130553K [0x00000000d8400000, 0x00000000e4780000, 0x0000000100000000)
  eden space 120832K, 100% used [0x00000000d8400000,0x00000000dfa00000,0x00000000dfa00000)
  from space 9728K, 99% used [0x00000000dfa00000,0x00000000e037e610,0x00000000e0380000)
  to   space 13312K, 0% used [0x00000000e3a80000,0x00000000e3a80000,0x00000000e4780000)
 ParOldGen       total 50176K, used 12085K [0x0000000088c00000, 0x000000008bd00000, 0x00000000d8400000)
  object space 50176K, 24% used [0x0000000088c00000,0x00000000897cd4f0,0x000000008bd00000)
 Metaspace       used 32475K, capacity 33608K, committed 33792K, reserved 1079296K
  class space    used 4272K, capacity 4533K, committed 4608K, reserved 1048576K
Event: 9.912 GC heap after
Heap after GC invocations=9 (full 1):
 PSYoungGen      total 184320K, used 13299K [0x00000000d8400000, 0x00000000e6680000, 0x0000000100000000)
  eden space 171008K, 0% used [0x00000000d8400000,0x00000000d8400000,0x00000000e2b00000)
  from space 13312K, 99% used [0x00000000e3a80000,0x00000000e477cc88,0x00000000e4780000)
  to   space 15872K, 0% used [0x00000000e2b00000,0x00000000e2b00000,0x00000000e3a80000)
 ParOldGen       total 50176K, used 14897K [0x0000000088c00000, 0x000000008bd00000, 0x00000000d8400000)
  object space 50176K, 29% used [0x0000000088c00000,0x0000000089a8c690,0x000000008bd00000)
 Metaspace       used 32475K, capacity 33608K, committed 33792K, reserved 1079296K
  class space    used 4272K, capacity 4533K, committed 4608K, reserved 1048576K
}
Event: 10.994 GC heap before
{Heap before GC invocations=10 (full 1):
 PSYoungGen      total 184320K, used 71511K [0x00000000d8400000, 0x00000000e6680000, 0x0000000100000000)
  eden space 171008K, 34% used [0x00000000d8400000,0x00000000dbcd91d0,0x00000000e2b00000)
  from space 13312K, 99% used [0x00000000e3a80000,0x00000000e477cc88,0x00000000e4780000)
  to   space 15872K, 0% used [0x00000000e2b00000,0x00000000e2b00000,0x00000000e3a80000)
 ParOldGen       total 50176K, used 14897K [0x0000000088c00000, 0x000000008bd00000, 0x00000000d8400000)
  object space 50176K, 29% used [0x0000000088c00000,0x0000000089a8c690,0x000000008bd00000)
 Metaspace       used 34341K, capacity 35380K, committed 35416K, reserved 1079296K
  class space    used 4494K, capacity 4731K, committed 4736K, reserved 1048576K
Event: 11.029 GC heap after
Heap after GC invocations=10 (full 1):
 PSYoungGen      total 186880K, used 8727K [0x00000000d8400000, 0x00000000e8f00000, 0x0000000100000000)
  eden space 171008K, 0% used [0x00000000d8400000,0x00000000d8400000,0x00000000e2b00000)
  from space 15872K, 54% used [0x00000000e2b00000,0x00000000e3385da0,0x00000000e3a80000)
  to   space 15360K, 0% used [0x00000000e8000000,0x00000000e8000000,0x00000000e8f00000)
 ParOldGen       total 50176K, used 20878K [0x0000000088c00000, 0x000000008bd00000, 0x00000000d8400000)
  object space 50176K, 41% used [0x0000000088c00000,0x000000008a063ba8,0x000000008bd00000)
 Metaspace       used 34341K, capacity 35380K, committed 35416K, reserved 1079296K
  class space    used 4494K, capacity 4731K, committed 4736K, reserved 1048576K
}
Event: 11.029 GC heap before
{Heap before GC invocations=11 (full 2):
 PSYoungGen      total 186880K, used 8727K [0x00000000d8400000, 0x00000000e8f00000, 0x0000000100000000)
  eden space 171008K, 0% used [0x00000000d8400000,0x00000000d8400000,0x00000000e2b00000)
  from space 15872K, 54% used [0x00000000e2b00000,0x00000000e3385da0,0x00000000e3a80000)
  to   space 15360K, 0% used [0x00000000e8000000,0x00000000e8000000,0x00000000e8f00000)
 ParOldGen       total 50176K, used 20878K [0x0000000088c00000, 0x000000008bd00000, 0x00000000d8400000)
  object space 50176K, 41% used [0x0000000088c00000,0x000000008a063ba8,0x000000008bd00000)
 Metaspace       used 34341K, capacity 35380K, committed 35416K, reserved 1079296K
  class space    used 4494K, capacity 4731K, committed 4736K, reserved 1048576K
Event: 11.122 GC heap after
Heap after GC invocations=11 (full 2):
 PSYoungGen      total 186880K, used 0K [0x00000000d8400000, 0x00000000e8f00000, 0x0000000100000000)
  eden space 171008K, 0% used [0x00000000d8400000,0x00000000d8400000,0x00000000e2b00000)
  from space 15872K, 0% used [0x00000000e2b00000,0x00000000e2b00000,0x00000000e3a80000)
  to   space 15360K, 0% used [0x00000000e8000000,0x00000000e8000000,0x00000000e8f00000)
 ParOldGen       total 78336K, used 19145K [0x0000000088c00000, 0x000000008d880000, 0x00000000d8400000)
  object space 78336K, 24% used [0x0000000088c00000,0x0000000089eb2418,0x000000008d880000)
 Metaspace       used 34341K, capacity 35380K, committed 35416K, reserved 1079296K
  class space    used 4494K, capacity 4731K, committed 4736K, reserved 1048576K
}
Event: 15.218 GC heap before
{Heap before GC invocations=12 (full 2):
 PSYoungGen      total 186880K, used 171008K [0x00000000d8400000, 0x00000000e8f00000, 0x0000000100000000)
  eden space 171008K, 100% used [0x00000000d8400000,0x00000000e2b00000,0x00000000e2b00000)
  from space 15872K, 0% used [0x00000000e2b00000,0x00000000e2b00000,0x00000000e3a80000)
  to   space 15360K, 0% used [0x00000000e8000000,0x00000000e8000000,0x00000000e8f00000)
 ParOldGen       total 78336K, used 19145K [0x0000000088c00000, 0x000000008d880000, 0x00000000d8400000)
  object space 78336K, 24% used [0x0000000088c00000,0x0000000089eb2418,0x000000008d880000)
 Metaspace       used 40210K, capacity 41728K, committed 41816K, reserved 1085440K
  class space    used 5190K, capacity 5493K, committed 5504K, reserved 1048576K
Event: 15.252 GC heap after
Heap after GC invocations=12 (full 2):
 PSYoungGen      total 246784K, used 11363K [0x00000000d8400000, 0x00000000e8b80000, 0x0000000100000000)
  eden space 235008K, 0% used [0x00000000d8400000,0x00000000d8400000,0x00000000e6980000)
  from space 11776K, 96% used [0x00000000e8000000,0x00000000e8b18d20,0x00000000e8b80000)
  to   space 15872K, 0% used [0x00000000e6c80000,0x00000000e6c80000,0x00000000e7c00000)
 ParOldGen       total 78336K, used 19153K [0x0000000088c00000, 0x000000008d880000, 0x00000000d8400000)
  object space 78336K, 24% used [0x0000000088c00000,0x0000000089eb4418,0x000000008d880000)
 Metaspace       used 40210K, capacity 41728K, committed 41816K, reserved 1085440K
  class space    used 5190K, capacity 5493K, committed 5504K, reserved 1048576K
}
Event: 18.253 GC heap before
{Heap before GC invocations=13 (full 2):
 PSYoungGen      total 246784K, used 246371K [0x00000000d8400000, 0x00000000e8b80000, 0x0000000100000000)
  eden space 235008K, 100% used [0x00000000d8400000,0x00000000e6980000,0x00000000e6980000)
  from space 11776K, 96% used [0x00000000e8000000,0x00000000e8b18d20,0x00000000e8b80000)
  to   space 15872K, 0% used [0x00000000e6c80000,0x00000000e6c80000,0x00000000e7c00000)
 ParOldGen       total 78336K, used 19153K [0x0000000088c00000, 0x000000008d880000, 0x00000000d8400000)
  object space 78336K, 24% used [0x0000000088c00000,0x0000000089eb4418,0x000000008d880000)
 Metaspace       used 43274K, capacity 45172K, committed 45400K, reserved 1089536K
  class space    used 5625K, capacity 5985K, committed 6016K, reserved 1048576K

