# JRE version: Java(TM) SE Runtime Environment (8.0_171-b11) (build 1.8.0_171-b11)
# Java VM: Java HotSpot(TM) 64-Bit Server VM (25.171-b11 mixed mode linux-amd64 compressed oops)
Heap:
 PSYoungGen      total 452608K, used 10469K [0x00000000d8400000, 0x00000000f5800000, 0x0000000100000000)
  eden space 434176K, 0% used [0x00000000d8400000,0x00000000d8400000,0x00000000f2c00000)
  from space 18432K, 56% used [0x00000000f2c00000,0x00000000f36394a0,0x00000000f3e00000)
  to   space 17920K, 0% used [0x00000000f3e00000,0x00000000f3e00000,0x00000000f4f80000)
 ParOldGen       total 73728K, used 51426K [0x0000000088c00000, 0x000000008d400000, 0x00000000d8400000)
  object space 73728K, 69% used [0x0000000088c00000,0x000000008be38b30,0x000000008d400000)
 Metaspace       used 56250K, capacity 59025K, committed 59096K, reserved 1099776K
  class space    used 7796K, capacity 8302K, committed 8320K, reserved 1048576K
GC Heap History (10 events):
Event: 9.211 GC heap after
Heap after GC invocations=10 (full 1):
 PSYoungGen      total 229376K, used 14050K [0x00000000d8400000, 0x00000000edc80000, 0x0000000100000000)
  eden space 212992K, 0% used [0x00000000d8400000,0x00000000d8400000,0x00000000e5400000)
  from space 16384K, 85% used [0x00000000e5400000,0x00000000e61b88d0,0x00000000e6400000)
  to   space 17408K, 0% used [0x00000000ecb80000,0x00000000ecb80000,0x00000000edc80000)
 ParOldGen       total 43520K, used 19108K [0x0000000088c00000, 0x000000008b680000, 0x00000000d8400000)
  object space 43520K, 43% used [0x0000000088c00000,0x0000000089ea91a0,0x000000008b680000)
 Metaspace       used 33993K, capacity 35361K, committed 35456K, reserved 1079296K
  class space    used 4657K, capacity 4952K, committed 4992K, reserved 1048576K
}
Event: 9.211 GC heap before
{Heap before GC invocations=11 (full 2):
 PSYoungGen      total 229376K, used 14050K [0x00000000d8400000, 0x00000000edc80000, 0x0000000100000000)
  eden space 212992K, 0% used [0x00000000d8400000,0x00000000d8400000,0x00000000e5400000)
  from space 16384K, 85% used [0x00000000e5400000,0x00000000e61b88d0,0x00000000e6400000)
  to   space 17408K, 0% used [0x00000000ecb80000,0x00000000ecb80000,0x00000000edc80000)
 ParOldGen       total 43520K, used 19108K [0x0000000088c00000, 0x000000008b680000, 0x00000000d8400000)
  object space 43520K, 43% used [0x0000000088c00000,0x0000000089ea91a0,0x000000008b680000)
 Metaspace       used 33993K, capacity 35361K, committed 35456K, reserved 1079296K
  class space    used 4657K, capacity 4952K, committed 4992K, reserved 1048576K
Event: 9.281 GC heap after
Heap after GC invocations=11 (full 2):
 PSYoungGen      total 229376K, used 0K [0x00000000d8400000, 0x00000000edc80000, 0x0000000100000000)
  eden space 212992K, 0% used [0x00000000d8400000,0x00000000d8400000,0x00000000e5400000)
  from space 16384K, 0% used [0x00000000e5400000,0x00000000e5400000,0x00000000e6400000)
  to   space 17408K, 0% used [0x00000000ecb80000,0x00000000ecb80000,0x00000000edc80000)
 ParOldGen       total 73728K, used 24816K [0x0000000088c00000, 0x000000008d400000, 0x00000000d8400000)
  object space 73728K, 33% used [0x0000000088c00000,0x000000008a43c2c8,0x000000008d400000)
 Metaspace       used 33993K, capacity 35361K, committed 35456K, reserved 1079296K
  class space    used 4657K, capacity 4952K, committed 4992K, reserved 1048576K
}
Event: 10.320 GC heap before
{Heap before GC invocations=12 (full 2):
 PSYoungGen      total 229376K, used 212992K [0x00000000d8400000, 0x00000000edc80000, 0x0000000100000000)
  eden space 212992K, 100% used [0x00000000d8400000,0x00000000e5400000,0x00000000e5400000)
  from space 16384K, 0% used [0x00000000e5400000,0x00000000e5400000,0x00000000e6400000)
  to   space 17408K, 0% used [0x00000000ecb80000,0x00000000ecb80000,0x00000000edc80000)
 ParOldGen       total 73728K, used 24816K [0x0000000088c00000, 0x000000008d400000, 0x00000000d8400000)
  object space 73728K, 33% used [0x0000000088c00000,0x000000008a43c2c8,0x000000008d400000)
 Metaspace       used 38293K, capacity 40117K, committed 40192K, reserved 1083392K
  class space    used 5210K, capacity 5566K, committed 5632K, reserved 1048576K
Event: 10.330 GC heap after
Heap after GC invocations=12 (full 2):
 PSYoungGen      total 317440K, used 10773K [0x00000000d8400000, 0x00000000ed680000, 0x0000000100000000)
  eden space 306176K, 0% used [0x00000000d8400000,0x00000000d8400000,0x00000000eaf00000)
  from space 11264K, 95% used [0x00000000ecb80000,0x00000000ed6054b8,0x00000000ed680000)
  to   space 17408K, 0% used [0x00000000eb480000,0x00000000eb480000,0x00000000ec580000)
 ParOldGen       total 73728K, used 24824K [0x0000000088c00000, 0x000000008d400000, 0x00000000d8400000)
  object space 73728K, 33% used [0x0000000088c00000,0x000000008a43e2c8,0x000000008d400000)
 Metaspace       used 38293K, capacity 40117K, committed 40192K, reserved 1083392K
  class space    used 5210K, capacity 5566K, committed 5632K, reserved 1048576K
}
Event: 11.729 GC heap before
{Heap before GC invocations=13 (full 2):
 PSYoungGen      total 317440K, used 316949K [0x00000000d8400000, 0x00000000ed680000, 0x0000000100000000)
  eden space 306176K, 100% used [0x00000000d8400000,0x00000000eaf00000,0x00000000eaf00000)
  from space 11264K, 95% used [0x00000000ecb80000,0x00000000ed6054b8,0x00000000ed680000)
  to   space 17408K, 0% used [0x00000000eb480000,0x00000000eb480000,0x00000000ec580000)
 ParOldGen       total 73728K, used 24824K [0x0000000088c00000, 0x000000008d400000, 0x00000000d8400000)
  object space 73728K, 33% used [0x0000000088c00000,0x000000008a43e2c8,0x000000008d400000)
 Metaspace       used 42858K, capacity 45145K, committed 45312K, reserved 1087488K
  class space    used 5882K, capacity 6318K, committed 6400K, reserved 1048576K
Event: 11.748 GC heap after
Heap after GC invocations=13 (full 2):
 PSYoungGen      total 329216K, used 13147K [0x00000000d8400000, 0x00000000f4f80000, 0x0000000100000000)
  eden space 311808K, 0% used [0x00000000d8400000,0x00000000d8400000,0x00000000eb480000)
  from space 17408K, 75% used [0x00000000eb480000,0x00000000ec156dc8,0x00000000ec580000)
  to   space 17920K, 0% used [0x00000000f3e00000,0x00000000f3e00000,0x00000000f4f80000)
 ParOldGen       total 73728K, used 32435K [0x0000000088c00000, 0x000000008d400000, 0x00000000d8400000)
  object space 73728K, 43% used [0x0000000088c00000,0x000000008abacff8,0x000000008d400000)
 Metaspace       used 42858K, capacity 45145K, committed 45312K, reserved 1087488K
  class space    used 5882K, capacity 6318K, committed 6400K, reserved 1048576K
}
Event: 13.543 GC heap before
{Heap before GC invocations=14 (full 2):
 PSYoungGen      total 329216K, used 324955K [0x00000000d8400000, 0x00000000f4f80000, 0x0000000100000000)
  eden space 311808K, 100% used [0x00000000d8400000,0x00000000eb480000,0x00000000eb480000)
  from space 17408K, 75% used [0x00000000eb480000,0x00000000ec156dc8,0x00000000ec580000)
  to   space 17920K, 0% used [0x00000000f3e00000,0x00000000f3e00000,0x00000000f4f80000)
 ParOldGen       total 73728K, used 32435K [0x0000000088c00000, 0x000000008d400000, 0x00000000d8400000)
  object space 73728K, 43% used [0x0000000088c00000,0x000000008abacff8,0x000000008d400000)
 Metaspace       used 48708K, capacity 51339K, committed 51584K, reserved 1093632K
  class space    used 6709K, capacity 7199K, committed 7296K, reserved 1048576K
Event: 13.585 GC heap after
Heap after GC invocations=14 (full 2):
 PSYoungGen      total 452096K, used 13905K [0x00000000d8400000, 0x00000000f5800000, 0x0000000100000000)
  eden space 434176K, 0% used [0x00000000d8400000,0x00000000d8400000,0x00000000f2c00000)
  from space 17920K, 77% used [0x00000000f3e00000,0x00000000f4b946c8,0x00000000f4f80000)
  to   space 18432K, 0% used [0x00000000f2c00000,0x00000000f2c00000,0x00000000f3e00000)
 ParOldGen       total 73728K, used 41892K [0x0000000088c00000, 0x000000008d400000, 0x00000000d8400000)
  object space 73728K, 56% used [0x0000000088c00000,0x000000008b4e9248,0x000000008d400000)
 Metaspace       used 48708K, capacity 51339K, committed 51584K, reserved 1093632K
  class space    used 6709K, capacity 7199K, committed 7296K, reserved 1048576K
}
Event: 42.042 GC heap before
{Heap before GC invocations=15 (full 2):
 PSYoungGen      total 452096K, used 174179K [0x00000000d8400000, 0x00000000f5800000, 0x0000000100000000)
  eden space 434176K, 36% used [0x00000000d8400000,0x00000000e2084610,0x00000000f2c00000)
  from space 17920K, 77% used [0x00000000f3e00000,0x00000000f4b946c8,0x00000000f4f80000)
  to   space 18432K, 0% used [0x00000000f2c00000,0x00000000f2c00000,0x00000000f3e00000)
 ParOldGen       total 73728K, used 41892K [0x0000000088c00000, 0x000000008d400000, 0x00000000d8400000)
  object space 73728K, 56% used [0x0000000088c00000,0x000000008b4e9248,0x000000008d400000)
 Metaspace       used 56250K, capacity 59025K, committed 59096K, reserved 1099776K
  class space    used 7796K, capacity 8302K, committed 8320K, reserved 1048576K

