# JRE version: Java(TM) SE Runtime Environment (8.0_171-b11) (build 1.8.0_171-b11)
# Java VM: Java HotSpot(TM) 64-Bit Server VM (25.171-b11 mixed mode linux-amd64 compressed oops)
Heap:
 PSYoungGen      total 311296K, used 16877K [0x00000000d8400000, 0x00000000edd00000, 0x0000000100000000)
  eden space 294400K, 0% used [0x00000000d8400000,0x00000000d8400000,0x00000000ea380000)
  from space 16896K, 99% used [0x00000000ea380000,0x00000000eb3fb708,0x00000000eb400000)
  to   space 17408K, 0% used [0x00000000eb400000,0x00000000eb400000,0x00000000ec500000)
 ParOldGen       total 90112K, used 29517K [0x0000000088c00000, 0x000000008e400000, 0x00000000d8400000)
  object space 90112K, 32% used [0x0000000088c00000,0x000000008a8d3790,0x000000008e400000)
 Metaspace       used 44571K, capacity 47100K, committed 47232K, reserved 1089536K
  class space    used 6098K, capacity 6519K, committed 6528K, reserved 1048576K
GC Heap History (10 events):
Event: 3.067 GC heap after
Heap after GC invocations=6 (full 1):
 PSYoungGen      total 128000K, used 5092K [0x00000000d8400000, 0x00000000e5c00000, 0x0000000100000000)
  eden space 122880K, 0% used [0x00000000d8400000,0x00000000d8400000,0x00000000dfc00000)
  from space 5120K, 99% used [0x00000000dfc00000,0x00000000e00f9060,0x00000000e0100000)
  to   space 13824K, 0% used [0x00000000e4e80000,0x00000000e4e80000,0x00000000e5c00000)
 ParOldGen       total 53248K, used 12994K [0x0000000088c00000, 0x000000008c000000, 0x00000000d8400000)
  object space 53248K, 24% used [0x0000000088c00000,0x00000000898b0be8,0x000000008c000000)
 Metaspace       used 26770K, capacity 27800K, committed 28032K, reserved 1073152K
  class space    used 3620K, capacity 3849K, committed 3968K, reserved 1048576K
}
Event: 4.161 GC heap before
{Heap before GC invocations=7 (full 1):
 PSYoungGen      total 128000K, used 127972K [0x00000000d8400000, 0x00000000e5c00000, 0x0000000100000000)
  eden space 122880K, 100% used [0x00000000d8400000,0x00000000dfc00000,0x00000000dfc00000)
  from space 5120K, 99% used [0x00000000dfc00000,0x00000000e00f9060,0x00000000e0100000)
  to   space 13824K, 0% used [0x00000000e4e80000,0x00000000e4e80000,0x00000000e5c00000)
 ParOldGen       total 53248K, used 12994K [0x0000000088c00000, 0x000000008c000000, 0x00000000d8400000)
  object space 53248K, 24% used [0x0000000088c00000,0x00000000898b0be8,0x000000008c000000)
 Metaspace       used 30103K, capacity 31430K, committed 31616K, reserved 1077248K
  class space    used 4118K, capacity 4446K, committed 4480K, reserved 1048576K
Event: 4.201 GC heap after
Heap after GC invocations=7 (full 1):
 PSYoungGen      total 202240K, used 11893K [0x00000000d8400000, 0x00000000e5a80000, 0x0000000100000000)
  eden space 189952K, 0% used [0x00000000d8400000,0x00000000d8400000,0x00000000e3d80000)
  from space 12288K, 96% used [0x00000000e4e80000,0x00000000e5a1d5b8,0x00000000e5a80000)
  to   space 14848K, 0% used [0x00000000e3d80000,0x00000000e3d80000,0x00000000e4c00000)
 ParOldGen       total 53248K, used 13002K [0x0000000088c00000, 0x000000008c000000, 0x00000000d8400000)
  object space 53248K, 24% used [0x0000000088c00000,0x00000000898b2be8,0x000000008c000000)
 Metaspace       used 30103K, capacity 31430K, committed 31616K, reserved 1077248K
  class space    used 4118K, capacity 4446K, committed 4480K, reserved 1048576K
}
Event: 4.882 GC heap before
{Heap before GC invocations=8 (full 1):
 PSYoungGen      total 202240K, used 105798K [0x00000000d8400000, 0x00000000e5a80000, 0x0000000100000000)
  eden space 189952K, 49% used [0x00000000d8400000,0x00000000ddfb4608,0x00000000e3d80000)
  from space 12288K, 96% used [0x00000000e4e80000,0x00000000e5a1d5b8,0x00000000e5a80000)
  to   space 14848K, 0% used [0x00000000e3d80000,0x00000000e3d80000,0x00000000e4c00000)
 ParOldGen       total 53248K, used 13002K [0x0000000088c00000, 0x000000008c000000, 0x00000000d8400000)
  object space 53248K, 24% used [0x0000000088c00000,0x00000000898b2be8,0x000000008c000000)
 Metaspace       used 33824K, capacity 35440K, committed 35496K, reserved 1079296K
  class space    used 4560K, capacity 4863K, committed 4864K, reserved 1048576K
Event: 4.925 GC heap after
Heap after GC invocations=8 (full 1):
 PSYoungGen      total 204800K, used 14843K [0x00000000d8400000, 0x00000000ec500000, 0x0000000100000000)
  eden space 189952K, 0% used [0x00000000d8400000,0x00000000d8400000,0x00000000e3d80000)
  from space 14848K, 99% used [0x00000000e3d80000,0x00000000e4bfefa0,0x00000000e4c00000)
  to   space 17408K, 0% used [0x00000000eb400000,0x00000000eb400000,0x00000000ec500000)
 ParOldGen       total 53248K, used 13218K [0x0000000088c00000, 0x000000008c000000, 0x00000000d8400000)
  object space 53248K, 24% used [0x0000000088c00000,0x00000000898e88e8,0x000000008c000000)
 Metaspace       used 33824K, capacity 35440K, committed 35496K, reserved 1079296K
  class space    used 4560K, capacity 4863K, committed 4864K, reserved 1048576K
}
Event: 4.925 GC heap before
{Heap before GC invocations=9 (full 2):
 PSYoungGen      total 204800K, used 14843K [0x00000000d8400000, 0x00000000ec500000, 0x0000000100000000)
  eden space 189952K, 0% used [0x00000000d8400000,0x00000000d8400000,0x00000000e3d80000)
  from space 14848K, 99% used [0x00000000e3d80000,0x00000000e4bfefa0,0x00000000e4c00000)
  to   space 17408K, 0% used [0x00000000eb400000,0x00000000eb400000,0x00000000ec500000)
 ParOldGen       total 53248K, used 13218K [0x0000000088c00000, 0x000000008c000000, 0x00000000d8400000)
  object space 53248K, 24% used [0x0000000088c00000,0x00000000898e88e8,0x000000008c000000)
 Metaspace       used 33824K, capacity 35440K, committed 35496K, reserved 1079296K
  class space    used 4560K, capacity 4863K, committed 4864K, reserved 1048576K
Event: 5.023 GC heap after
Heap after GC invocations=9 (full 2):
 PSYoungGen      total 204800K, used 0K [0x00000000d8400000, 0x00000000ec500000, 0x0000000100000000)
  eden space 189952K, 0% used [0x00000000d8400000,0x00000000d8400000,0x00000000e3d80000)
  from space 14848K, 0% used [0x00000000e3d80000,0x00000000e3d80000,0x00000000e4c00000)
  to   space 17408K, 0% used [0x00000000eb400000,0x00000000eb400000,0x00000000ec500000)
 ParOldGen       total 90112K, used 22847K [0x0000000088c00000, 0x000000008e400000, 0x00000000d8400000)
  object space 90112K, 25% used [0x0000000088c00000,0x000000008a24fc50,0x000000008e400000)
 Metaspace       used 33824K, capacity 35440K, committed 35496K, reserved 1079296K
  class space    used 4560K, capacity 4863K, committed 4864K, reserved 1048576K
}
Event: 6.529 GC heap before
{Heap before GC invocations=10 (full 2):
 PSYoungGen      total 204800K, used 189952K [0x00000000d8400000, 0x00000000ec500000, 0x0000000100000000)
  eden space 189952K, 100% used [0x00000000d8400000,0x00000000e3d80000,0x00000000e3d80000)
  from space 14848K, 0% used [0x00000000e3d80000,0x00000000e3d80000,0x00000000e4c00000)
  to   space 17408K, 0% used [0x00000000eb400000,0x00000000eb400000,0x00000000ec500000)
 ParOldGen       total 90112K, used 22847K [0x0000000088c00000, 0x000000008e400000, 0x00000000d8400000)
  object space 90112K, 25% used [0x0000000088c00000,0x000000008a24fc50,0x000000008e400000)
 Metaspace       used 37434K, capacity 39498K, committed 39552K, reserved 1083392K
  class space    used 5064K, capacity 5476K, committed 5504K, reserved 1048576K
Event: 6.837 GC heap after
Heap after GC invocations=10 (full 2):
 PSYoungGen      total 311808K, used 10460K [0x00000000d8400000, 0x00000000edd00000, 0x0000000100000000)
  eden space 294400K, 0% used [0x00000000d8400000,0x00000000d8400000,0x00000000ea380000)
  from space 17408K, 60% used [0x00000000eb400000,0x00000000ebe370e8,0x00000000ec500000)
  to   space 16896K, 0% used [0x00000000ea380000,0x00000000ea380000,0x00000000eb400000)
 ParOldGen       total 90112K, used 22855K [0x0000000088c00000, 0x000000008e400000, 0x00000000d8400000)
  object space 90112K, 25% used [0x0000000088c00000,0x000000008a251c50,0x000000008e400000)
 Metaspace       used 37434K, capacity 39498K, committed 39552K, reserved 1083392K
  class space    used 5064K, capacity 5476K, committed 5504K, reserved 1048576K
}
Event: 22.392 GC heap before
{Heap before GC invocations=11 (full 2):
 PSYoungGen      total 311808K, used 304860K [0x00000000d8400000, 0x00000000edd00000, 0x0000000100000000)
  eden space 294400K, 100% used [0x00000000d8400000,0x00000000ea380000,0x00000000ea380000)
  from space 17408K, 60% used [0x00000000eb400000,0x00000000ebe370e8,0x00000000ec500000)
  to   space 16896K, 0% used [0x00000000ea380000,0x00000000ea380000,0x00000000eb400000)
 ParOldGen       total 90112K, used 22855K [0x0000000088c00000, 0x000000008e400000, 0x00000000d8400000)
  object space 90112K, 25% used [0x0000000088c00000,0x000000008a251c50,0x000000008e400000)
 Metaspace       used 44571K, capacity 47100K, committed 47232K, reserved 1089536K
  class space    used 6098K, capacity 6519K, committed 6528K, reserved 1048576K

